{"C:\\Users\\DELL\\WebstormProjects\\instagram\\client\\src\\components\\Card.jsx": {"path":"C:\\Users\\DELL\\WebstormProjects\\instagram\\client\\src\\components\\Card.jsx","statementMap":{"0":{"start":{"line":13,"column":13},"end":{"line":90,"column":1}},"1":{"start":{"line":14,"column":24},"end":{"line":14,"column":32}},"2":{"start":{"line":15,"column":25},"end":{"line":15,"column":59}},"3":{"start":{"line":16,"column":22},"end":{"line":22,"column":6}},"4":{"start":{"line":23,"column":20},"end":{"line":23,"column":31}},"5":{"start":{"line":25,"column":40},"end":{"line":25,"column":52}},"6":{"start":{"line":26,"column":44},"end":{"line":26,"column":59}},"7":{"start":{"line":28,"column":28},"end":{"line":29,"column":74}},"8":{"start":{"line":31,"column":23},"end":{"line":33,"column":45}},"9":{"start":{"line":31,"column":55},"end":{"line":31,"column":83}},"10":{"start":{"line":35,"column":27},"end":{"line":49,"column":5}},"11":{"start":{"line":36,"column":20},"end":{"line":36,"column":32}},"12":{"start":{"line":37,"column":8},"end":{"line":48,"column":52}},"13":{"start":{"line":45,"column":21},"end":{"line":45,"column":29}},"14":{"start":{"line":46,"column":35},"end":{"line":46,"column":63}},"15":{"start":{"line":48,"column":26},"end":{"line":48,"column":50}},"16":{"start":{"line":50,"column":30},"end":{"line":56,"column":5}},"17":{"start":{"line":51,"column":8},"end":{"line":51,"column":39}},"18":{"start":{"line":51,"column":32},"end":{"line":51,"column":39}},"19":{"start":{"line":52,"column":23},"end":{"line":52,"column":34}},"20":{"start":{"line":53,"column":24},"end":{"line":53,"column":38}},"21":{"start":{"line":54,"column":8},"end":{"line":54,"column":54}},"22":{"start":{"line":55,"column":8},"end":{"line":55,"column":39}},"23":{"start":{"line":57,"column":27},"end":{"line":59,"column":5}},"24":{"start":{"line":58,"column":8},"end":{"line":58,"column":38}},"25":{"start":{"line":63,"column":4},"end":{"line":89,"column":6}},"26":{"start":{"line":95,"column":12},"end":{"line":97,"column":1}},"27":{"start":{"line":99,"column":17},"end":{"line":103,"column":1}},"28":{"start":{"line":106,"column":19},"end":{"line":111,"column":1}},"29":{"start":{"line":113,"column":18},"end":{"line":117,"column":1}},"30":{"start":{"line":119,"column":10},"end":{"line":121,"column":1}}},"fnMap":{"0":{"name":"(anonymous_0)","decl":{"start":{"line":13,"column":13},"end":{"line":13,"column":14}},"loc":{"start":{"line":13,"column":25},"end":{"line":90,"column":1}},"line":13},"1":{"name":"(anonymous_1)","decl":{"start":{"line":31,"column":39},"end":{"line":31,"column":40}},"loc":{"start":{"line":31,"column":55},"end":{"line":31,"column":83}},"line":31},"2":{"name":"(anonymous_2)","decl":{"start":{"line":35,"column":27},"end":{"line":35,"column":28}},"loc":{"start":{"line":35,"column":61},"end":{"line":49,"column":5}},"line":35},"3":{"name":"(anonymous_3)","decl":{"start":{"line":45,"column":16},"end":{"line":45,"column":17}},"loc":{"start":{"line":45,"column":21},"end":{"line":45,"column":29}},"line":45},"4":{"name":"(anonymous_4)","decl":{"start":{"line":46,"column":18},"end":{"line":46,"column":19}},"loc":{"start":{"line":46,"column":35},"end":{"line":46,"column":63}},"line":46},"5":{"name":"(anonymous_5)","decl":{"start":{"line":48,"column":19},"end":{"line":48,"column":20}},"loc":{"start":{"line":48,"column":26},"end":{"line":48,"column":50}},"line":48},"6":{"name":"(anonymous_6)","decl":{"start":{"line":50,"column":30},"end":{"line":50,"column":31}},"loc":{"start":{"line":50,"column":37},"end":{"line":56,"column":5}},"line":50},"7":{"name":"(anonymous_7)","decl":{"start":{"line":57,"column":27},"end":{"line":57,"column":28}},"loc":{"start":{"line":57,"column":33},"end":{"line":59,"column":5}},"line":57}},"branchMap":{"0":{"loc":{"start":{"line":28,"column":28},"end":{"line":29,"column":74}},"type":"cond-expr","locations":[{"start":{"line":28,"column":59},"end":{"line":28,"column":84}},{"start":{"line":29,"column":10},"end":{"line":29,"column":74}}],"line":28},"1":{"loc":{"start":{"line":31,"column":23},"end":{"line":33,"column":45}},"type":"cond-expr","locations":[{"start":{"line":32,"column":8},"end":{"line":32,"column":37}},{"start":{"line":33,"column":10},"end":{"line":33,"column":45}}],"line":31},"2":{"loc":{"start":{"line":51,"column":8},"end":{"line":51,"column":39}},"type":"if","locations":[{"start":{"line":51,"column":8},"end":{"line":51,"column":39}},{"start":{"line":51,"column":8},"end":{"line":51,"column":39}}],"line":51},"3":{"loc":{"start":{"line":70,"column":17},"end":{"line":71,"column":46}},"type":"binary-expr","locations":[{"start":{"line":70,"column":17},"end":{"line":70,"column":47}},{"start":{"line":71,"column":19},"end":{"line":71,"column":46}}],"line":70},"4":{"loc":{"start":{"line":73,"column":34},"end":{"line":73,"column":71}},"type":"binary-expr","locations":[{"start":{"line":73,"column":35},"end":{"line":73,"column":62}},{"start":{"line":73,"column":67},"end":{"line":73,"column":71}}],"line":73},"5":{"loc":{"start":{"line":74,"column":21},"end":{"line":74,"column":61}},"type":"cond-expr","locations":[{"start":{"line":74,"column":37},"end":{"line":74,"column":47}},{"start":{"line":74,"column":50},"end":{"line":74,"column":61}}],"line":74}},"s":{"0":1,"1":0,"2":0,"3":0,"4":0,"5":0,"6":0,"7":0,"8":0,"9":0,"10":0,"11":0,"12":0,"13":0,"14":0,"15":0,"16":0,"17":0,"18":0,"19":0,"20":0,"21":0,"22":0,"23":0,"24":0,"25":0,"26":1,"27":1,"28":1,"29":1,"30":1},"f":{"0":0,"1":0,"2":0,"3":0,"4":0,"5":0,"6":0,"7":0},"b":{"0":[0,0],"1":[0,0],"2":[0,0],"3":[0,0],"4":[0,0],"5":[0,0]},"_coverageSchema":"1a1c01bbd47fc00a2c39e90264f33305004495a9","hash":"04b64792770b755a194149ddbb7e1e8799b45cc9"}
,"C:\\Users\\DELL\\WebstormProjects\\instagram\\client\\src\\components\\bulkPosts.jsx": {"path":"C:\\Users\\DELL\\WebstormProjects\\instagram\\client\\src\\components\\bulkPosts.jsx","statementMap":{"0":{"start":{"line":5,"column":18},"end":{"line":15,"column":1}},"1":{"start":{"line":7,"column":22},"end":{"line":8,"column":80}},"2":{"start":{"line":8,"column":8},"end":{"line":8,"column":78}},"3":{"start":{"line":10,"column":4},"end":{"line":14,"column":6}}},"fnMap":{"0":{"name":"(anonymous_0)","decl":{"start":{"line":5,"column":18},"end":{"line":5,"column":19}},"loc":{"start":{"line":5,"column":71},"end":{"line":15,"column":1}},"line":5},"1":{"name":"(anonymous_1)","decl":{"start":{"line":7,"column":40},"end":{"line":7,"column":41}},"loc":{"start":{"line":8,"column":8},"end":{"line":8,"column":78}},"line":8}},"branchMap":{},"s":{"0":1,"1":8,"2":0,"3":8},"f":{"0":8,"1":0},"b":{},"_coverageSchema":"1a1c01bbd47fc00a2c39e90264f33305004495a9","hash":"69c2ad0087d57fd5d52b2302b479519a0b98fc53"}
,"C:\\Users\\DELL\\WebstormProjects\\instagram\\client\\src\\pages\\App.jsx": {"path":"C:\\Users\\DELL\\WebstormProjects\\instagram\\client\\src\\pages\\App.jsx","statementMap":{"0":{"start":{"line":16,"column":23},"end":{"line":16,"column":31}},"1":{"start":{"line":19,"column":26},"end":{"line":20,"column":57}},"2":{"start":{"line":21,"column":38},"end":{"line":21,"column":61}},"3":{"start":{"line":22,"column":38},"end":{"line":22,"column":57}},"4":{"start":{"line":23,"column":38},"end":{"line":23,"column":57}},"5":{"start":{"line":24,"column":50},"end":{"line":24,"column":61}},"6":{"start":{"line":25,"column":54},"end":{"line":25,"column":65}},"7":{"start":{"line":26,"column":24},"end":{"line":32,"column":5}},"8":{"start":{"line":27,"column":30},"end":{"line":27,"column":57}},"9":{"start":{"line":28,"column":8},"end":{"line":28,"column":70}},"10":{"start":{"line":29,"column":33},"end":{"line":29,"column":62}},"11":{"start":{"line":30,"column":8},"end":{"line":30,"column":79}},"12":{"start":{"line":31,"column":8},"end":{"line":31,"column":72}},"13":{"start":{"line":33,"column":20},"end":{"line":33,"column":33}},"14":{"start":{"line":35,"column":46},"end":{"line":35,"column":58}},"15":{"start":{"line":36,"column":52},"end":{"line":36,"column":64}},"16":{"start":{"line":38,"column":46},"end":{"line":38,"column":61}},"17":{"start":{"line":39,"column":46},"end":{"line":39,"column":61}},"18":{"start":{"line":40,"column":21},"end":{"line":40,"column":34}},"19":{"start":{"line":43,"column":26},"end":{"line":65,"column":5}},"20":{"start":{"line":44,"column":8},"end":{"line":64,"column":9}},"21":{"start":{"line":45,"column":12},"end":{"line":45,"column":48}},"22":{"start":{"line":46,"column":12},"end":{"line":48,"column":13}},"23":{"start":{"line":47,"column":16},"end":{"line":47,"column":39}},"24":{"start":{"line":50,"column":15},"end":{"line":64,"column":9}},"25":{"start":{"line":51,"column":12},"end":{"line":53,"column":13}},"26":{"start":{"line":52,"column":16},"end":{"line":52,"column":40}},"27":{"start":{"line":54,"column":12},"end":{"line":54,"column":48}},"28":{"start":{"line":55,"column":12},"end":{"line":57,"column":13}},"29":{"start":{"line":56,"column":16},"end":{"line":56,"column":40}},"30":{"start":{"line":60,"column":12},"end":{"line":60,"column":28}},"31":{"start":{"line":61,"column":12},"end":{"line":61,"column":28}},"32":{"start":{"line":62,"column":12},"end":{"line":62,"column":47}},"33":{"start":{"line":63,"column":12},"end":{"line":63,"column":49}},"34":{"start":{"line":67,"column":23},"end":{"line":96,"column":5}},"35":{"start":{"line":69,"column":20},"end":{"line":69,"column":29}},"36":{"start":{"line":70,"column":8},"end":{"line":95,"column":57}},"37":{"start":{"line":80,"column":21},"end":{"line":80,"column":29}},"38":{"start":{"line":82,"column":47},"end":{"line":82,"column":51}},"39":{"start":{"line":83,"column":20},"end":{"line":92,"column":21}},"40":{"start":{"line":84,"column":24},"end":{"line":84,"column":51}},"41":{"start":{"line":85,"column":24},"end":{"line":85,"column":51}},"42":{"start":{"line":86,"column":24},"end":{"line":86,"column":72}},"43":{"start":{"line":86,"column":49},"end":{"line":86,"column":72}},"44":{"start":{"line":88,"column":27},"end":{"line":92,"column":21}},"45":{"start":{"line":89,"column":24},"end":{"line":89,"column":54}},"46":{"start":{"line":90,"column":24},"end":{"line":90,"column":53}},"47":{"start":{"line":91,"column":24},"end":{"line":91,"column":72}},"48":{"start":{"line":91,"column":49},"end":{"line":91,"column":72}},"49":{"start":{"line":95,"column":29},"end":{"line":95,"column":55}},"50":{"start":{"line":99,"column":4},"end":{"line":101,"column":53}},"51":{"start":{"line":100,"column":8},"end":{"line":100,"column":43}},"52":{"start":{"line":103,"column":4},"end":{"line":105,"column":53}},"53":{"start":{"line":104,"column":8},"end":{"line":104,"column":45}},"54":{"start":{"line":112,"column":46},"end":{"line":112,"column":58}},"55":{"start":{"line":113,"column":36},"end":{"line":113,"column":48}},"56":{"start":{"line":114,"column":23},"end":{"line":114,"column":53}},"57":{"start":{"line":115,"column":28},"end":{"line":115,"column":63}},"58":{"start":{"line":118,"column":26},"end":{"line":124,"column":5}},"59":{"start":{"line":119,"column":8},"end":{"line":123,"column":9}},"60":{"start":{"line":120,"column":12},"end":{"line":120,"column":82}},"61":{"start":{"line":122,"column":12},"end":{"line":122,"column":58}},"62":{"start":{"line":125,"column":23},"end":{"line":143,"column":5}},"63":{"start":{"line":127,"column":33},"end":{"line":127,"column":49}},"64":{"start":{"line":128,"column":8},"end":{"line":128,"column":42}},"65":{"start":{"line":128,"column":35},"end":{"line":128,"column":42}},"66":{"start":{"line":130,"column":8},"end":{"line":142,"column":50}},"67":{"start":{"line":141,"column":21},"end":{"line":141,"column":29}},"68":{"start":{"line":142,"column":26},"end":{"line":142,"column":48}},"69":{"start":{"line":144,"column":4},"end":{"line":156,"column":19}},"70":{"start":{"line":146,"column":8},"end":{"line":150,"column":9}},"71":{"start":{"line":147,"column":12},"end":{"line":147,"column":69}},"72":{"start":{"line":151,"column":8},"end":{"line":151,"column":21}},"73":{"start":{"line":152,"column":8},"end":{"line":155,"column":11}},"74":{"start":{"line":159,"column":34},"end":{"line":161,"column":5}},"75":{"start":{"line":160,"column":8},"end":{"line":160,"column":64}},"76":{"start":{"line":164,"column":30},"end":{"line":164,"column":31}},"77":{"start":{"line":165,"column":25},"end":{"line":173,"column":5}},"78":{"start":{"line":166,"column":8},"end":{"line":166,"column":32}},"79":{"start":{"line":168,"column":0},"end":{"line":172,"column":8}},"80":{"start":{"line":169,"column":4},"end":{"line":170,"column":58}},"81":{"start":{"line":169,"column":35},"end":{"line":169,"column":58}},"82":{"start":{"line":170,"column":9},"end":{"line":170,"column":58}},"83":{"start":{"line":170,"column":38},"end":{"line":170,"column":58}},"84":{"start":{"line":171,"column":4},"end":{"line":171,"column":28}},"85":{"start":{"line":175,"column":27},"end":{"line":178,"column":5}},"86":{"start":{"line":176,"column":8},"end":{"line":176,"column":32}},"87":{"start":{"line":176,"column":25},"end":{"line":176,"column":32}},"88":{"start":{"line":177,"column":8},"end":{"line":177,"column":53}},"89":{"start":{"line":180,"column":24},"end":{"line":187,"column":5}},"90":{"start":{"line":181,"column":8},"end":{"line":181,"column":32}},"91":{"start":{"line":181,"column":25},"end":{"line":181,"column":32}},"92":{"start":{"line":182,"column":8},"end":{"line":186,"column":9}},"93":{"start":{"line":183,"column":27},"end":{"line":183,"column":59}},"94":{"start":{"line":184,"column":12},"end":{"line":184,"column":67}},"95":{"start":{"line":185,"column":12},"end":{"line":185,"column":25}},"96":{"start":{"line":190,"column":4},"end":{"line":252,"column":6}},"97":{"start":{"line":196,"column":23},"end":{"line":196,"column":84}},"98":{"start":{"line":197,"column":23},"end":{"line":197,"column":63}},"99":{"start":{"line":198,"column":23},"end":{"line":198,"column":40}},"100":{"start":{"line":257,"column":18},"end":{"line":260,"column":1}},"101":{"start":{"line":262,"column":20},"end":{"line":269,"column":1}}},"fnMap":{"0":{"name":"App","decl":{"start":{"line":15,"column":9},"end":{"line":15,"column":12}},"loc":{"start":{"line":15,"column":15},"end":{"line":253,"column":1}},"line":15},"1":{"name":"(anonymous_1)","decl":{"start":{"line":26,"column":24},"end":{"line":26,"column":25}},"loc":{"start":{"line":26,"column":30},"end":{"line":32,"column":5}},"line":26},"2":{"name":"(anonymous_2)","decl":{"start":{"line":43,"column":26},"end":{"line":43,"column":27}},"loc":{"start":{"line":43,"column":40},"end":{"line":65,"column":5}},"line":43},"3":{"name":"(anonymous_3)","decl":{"start":{"line":67,"column":23},"end":{"line":67,"column":24}},"loc":{"start":{"line":67,"column":44},"end":{"line":96,"column":5}},"line":67},"4":{"name":"(anonymous_4)","decl":{"start":{"line":80,"column":16},"end":{"line":80,"column":17}},"loc":{"start":{"line":80,"column":21},"end":{"line":80,"column":29}},"line":80},"5":{"name":"(anonymous_5)","decl":{"start":{"line":81,"column":18},"end":{"line":81,"column":19}},"loc":{"start":{"line":81,"column":26},"end":{"line":94,"column":17}},"line":81},"6":{"name":"(anonymous_6)","decl":{"start":{"line":95,"column":20},"end":{"line":95,"column":21}},"loc":{"start":{"line":95,"column":29},"end":{"line":95,"column":55}},"line":95},"7":{"name":"(anonymous_7)","decl":{"start":{"line":99,"column":14},"end":{"line":99,"column":15}},"loc":{"start":{"line":99,"column":20},"end":{"line":101,"column":5}},"line":99},"8":{"name":"(anonymous_8)","decl":{"start":{"line":103,"column":14},"end":{"line":103,"column":15}},"loc":{"start":{"line":103,"column":20},"end":{"line":105,"column":5}},"line":103},"9":{"name":"(anonymous_9)","decl":{"start":{"line":118,"column":26},"end":{"line":118,"column":27}},"loc":{"start":{"line":118,"column":32},"end":{"line":124,"column":5}},"line":118},"10":{"name":"(anonymous_10)","decl":{"start":{"line":125,"column":23},"end":{"line":125,"column":24}},"loc":{"start":{"line":125,"column":29},"end":{"line":143,"column":5}},"line":125},"11":{"name":"(anonymous_11)","decl":{"start":{"line":141,"column":16},"end":{"line":141,"column":17}},"loc":{"start":{"line":141,"column":21},"end":{"line":141,"column":29}},"line":141},"12":{"name":"(anonymous_12)","decl":{"start":{"line":142,"column":18},"end":{"line":142,"column":19}},"loc":{"start":{"line":142,"column":26},"end":{"line":142,"column":48}},"line":142},"13":{"name":"(anonymous_13)","decl":{"start":{"line":144,"column":14},"end":{"line":144,"column":15}},"loc":{"start":{"line":144,"column":20},"end":{"line":156,"column":5}},"line":144},"14":{"name":"(anonymous_14)","decl":{"start":{"line":159,"column":34},"end":{"line":159,"column":35}},"loc":{"start":{"line":159,"column":44},"end":{"line":161,"column":5}},"line":159},"15":{"name":"(anonymous_15)","decl":{"start":{"line":165,"column":25},"end":{"line":165,"column":26}},"loc":{"start":{"line":165,"column":39},"end":{"line":173,"column":5}},"line":165},"16":{"name":"(anonymous_16)","decl":{"start":{"line":168,"column":11},"end":{"line":168,"column":12}},"loc":{"start":{"line":168,"column":15},"end":{"line":172,"column":1}},"line":168},"17":{"name":"(anonymous_17)","decl":{"start":{"line":175,"column":27},"end":{"line":175,"column":28}},"loc":{"start":{"line":175,"column":39},"end":{"line":178,"column":5}},"line":175},"18":{"name":"(anonymous_18)","decl":{"start":{"line":180,"column":24},"end":{"line":180,"column":25}},"loc":{"start":{"line":180,"column":36},"end":{"line":187,"column":5}},"line":180},"19":{"name":"(anonymous_19)","decl":{"start":{"line":195,"column":30},"end":{"line":195,"column":31}},"loc":{"start":{"line":195,"column":37},"end":{"line":199,"column":20}},"line":195}},"branchMap":{"0":{"loc":{"start":{"line":19,"column":26},"end":{"line":20,"column":57}},"type":"cond-expr","locations":[{"start":{"line":20,"column":8},"end":{"line":20,"column":53}},{"start":{"line":20,"column":56},"end":{"line":20,"column":57}}],"line":19},"1":{"loc":{"start":{"line":28,"column":26},"end":{"line":28,"column":69}},"type":"cond-expr","locations":[{"start":{"line":28,"column":50},"end":{"line":28,"column":51}},{"start":{"line":28,"column":54},"end":{"line":28,"column":69}}],"line":28},"2":{"loc":{"start":{"line":30,"column":29},"end":{"line":30,"column":78}},"type":"cond-expr","locations":[{"start":{"line":30,"column":56},"end":{"line":30,"column":57}},{"start":{"line":30,"column":60},"end":{"line":30,"column":78}}],"line":30},"3":{"loc":{"start":{"line":44,"column":8},"end":{"line":64,"column":9}},"type":"if","locations":[{"start":{"line":44,"column":8},"end":{"line":64,"column":9}},{"start":{"line":44,"column":8},"end":{"line":64,"column":9}}],"line":44},"4":{"loc":{"start":{"line":46,"column":12},"end":{"line":48,"column":13}},"type":"if","locations":[{"start":{"line":46,"column":12},"end":{"line":48,"column":13}},{"start":{"line":46,"column":12},"end":{"line":48,"column":13}}],"line":46},"5":{"loc":{"start":{"line":50,"column":15},"end":{"line":64,"column":9}},"type":"if","locations":[{"start":{"line":50,"column":15},"end":{"line":64,"column":9}},{"start":{"line":50,"column":15},"end":{"line":64,"column":9}}],"line":50},"6":{"loc":{"start":{"line":51,"column":12},"end":{"line":53,"column":13}},"type":"if","locations":[{"start":{"line":51,"column":12},"end":{"line":53,"column":13}},{"start":{"line":51,"column":12},"end":{"line":53,"column":13}}],"line":51},"7":{"loc":{"start":{"line":55,"column":12},"end":{"line":57,"column":13}},"type":"if","locations":[{"start":{"line":55,"column":12},"end":{"line":57,"column":13}},{"start":{"line":55,"column":12},"end":{"line":57,"column":13}}],"line":55},"8":{"loc":{"start":{"line":83,"column":20},"end":{"line":92,"column":21}},"type":"if","locations":[{"start":{"line":83,"column":20},"end":{"line":92,"column":21}},{"start":{"line":83,"column":20},"end":{"line":92,"column":21}}],"line":83},"9":{"loc":{"start":{"line":86,"column":24},"end":{"line":86,"column":72}},"type":"if","locations":[{"start":{"line":86,"column":24},"end":{"line":86,"column":72}},{"start":{"line":86,"column":24},"end":{"line":86,"column":72}}],"line":86},"10":{"loc":{"start":{"line":88,"column":27},"end":{"line":92,"column":21}},"type":"if","locations":[{"start":{"line":88,"column":27},"end":{"line":92,"column":21}},{"start":{"line":88,"column":27},"end":{"line":92,"column":21}}],"line":88},"11":{"loc":{"start":{"line":91,"column":24},"end":{"line":91,"column":72}},"type":"if","locations":[{"start":{"line":91,"column":24},"end":{"line":91,"column":72}},{"start":{"line":91,"column":24},"end":{"line":91,"column":72}}],"line":91},"12":{"loc":{"start":{"line":119,"column":8},"end":{"line":123,"column":9}},"type":"if","locations":[{"start":{"line":119,"column":8},"end":{"line":123,"column":9}},{"start":{"line":119,"column":8},"end":{"line":123,"column":9}}],"line":119},"13":{"loc":{"start":{"line":128,"column":8},"end":{"line":128,"column":42}},"type":"if","locations":[{"start":{"line":128,"column":8},"end":{"line":128,"column":42}},{"start":{"line":128,"column":8},"end":{"line":128,"column":42}}],"line":128},"14":{"loc":{"start":{"line":146,"column":8},"end":{"line":150,"column":9}},"type":"if","locations":[{"start":{"line":146,"column":8},"end":{"line":150,"column":9}},{"start":{"line":146,"column":8},"end":{"line":150,"column":9}}],"line":146},"15":{"loc":{"start":{"line":169,"column":4},"end":{"line":170,"column":58}},"type":"if","locations":[{"start":{"line":169,"column":4},"end":{"line":170,"column":58}},{"start":{"line":169,"column":4},"end":{"line":170,"column":58}}],"line":169},"16":{"loc":{"start":{"line":170,"column":9},"end":{"line":170,"column":58}},"type":"if","locations":[{"start":{"line":170,"column":9},"end":{"line":170,"column":58}},{"start":{"line":170,"column":9},"end":{"line":170,"column":58}}],"line":170},"17":{"loc":{"start":{"line":176,"column":8},"end":{"line":176,"column":32}},"type":"if","locations":[{"start":{"line":176,"column":8},"end":{"line":176,"column":32}},{"start":{"line":176,"column":8},"end":{"line":176,"column":32}}],"line":176},"18":{"loc":{"start":{"line":181,"column":8},"end":{"line":181,"column":32}},"type":"if","locations":[{"start":{"line":181,"column":8},"end":{"line":181,"column":32}},{"start":{"line":181,"column":8},"end":{"line":181,"column":32}}],"line":181},"19":{"loc":{"start":{"line":182,"column":8},"end":{"line":186,"column":9}},"type":"if","locations":[{"start":{"line":182,"column":8},"end":{"line":186,"column":9}},{"start":{"line":182,"column":8},"end":{"line":186,"column":9}}],"line":182}},"s":{"0":12,"1":12,"2":12,"3":12,"4":12,"5":12,"6":12,"7":12,"8":12,"9":12,"10":12,"11":12,"12":12,"13":12,"14":12,"15":12,"16":12,"17":12,"18":12,"19":12,"20":0,"21":0,"22":0,"23":0,"24":0,"25":0,"26":0,"27":0,"28":0,"29":0,"30":0,"31":0,"32":0,"33":0,"34":12,"35":6,"36":6,"37":0,"38":0,"39":0,"40":0,"41":0,"42":0,"43":0,"44":0,"45":0,"46":0,"47":0,"48":0,"49":0,"50":12,"51":3,"52":12,"53":3,"54":12,"55":12,"56":12,"57":12,"58":12,"59":1,"60":0,"61":1,"62":12,"63":8,"64":8,"65":0,"66":8,"67":0,"68":0,"69":12,"70":8,"71":8,"72":8,"73":8,"74":12,"75":0,"76":12,"77":12,"78":0,"79":0,"80":0,"81":0,"82":0,"83":0,"84":0,"85":12,"86":0,"87":0,"88":0,"89":12,"90":0,"91":0,"92":0,"93":0,"94":0,"95":0,"96":12,"97":0,"98":0,"99":0,"100":1,"101":1},"f":{"0":12,"1":12,"2":0,"3":6,"4":0,"5":0,"6":0,"7":3,"8":3,"9":1,"10":8,"11":0,"12":0,"13":8,"14":0,"15":0,"16":0,"17":0,"18":0,"19":0},"b":{"0":[0,12],"1":[12,0],"2":[12,0],"3":[0,0],"4":[0,0],"5":[0,0],"6":[0,0],"7":[0,0],"8":[0,0],"9":[0,0],"10":[0,0],"11":[0,0],"12":[0,1],"13":[0,8],"14":[8,0],"15":[0,0],"16":[0,0],"17":[0,0],"18":[0,0],"19":[0,0]},"_coverageSchema":"1a1c01bbd47fc00a2c39e90264f33305004495a9","hash":"70d98f40e446a031e415187e14873601e0e24a1e"}
,"C:\\Users\\DELL\\WebstormProjects\\instagram\\client\\src\\redux\\store.js": {"path":"C:\\Users\\DELL\\WebstormProjects\\instagram\\client\\src\\redux\\store.js","statementMap":{},"fnMap":{},"branchMap":{},"s":{},"f":{},"b":{},"_coverageSchema":"1a1c01bbd47fc00a2c39e90264f33305004495a9","hash":"234724115c3fdedd71fb87136e88751916a710c1"}
}
