TN:
SF:src\components\Card.jsx
FN:13,(anonymous_0)
FN:31,(anonymous_1)
FN:35,(anonymous_2)
FN:45,(anonymous_3)
FN:46,(anonymous_4)
FN:48,(anonymous_5)
FN:50,(anonymous_6)
FN:57,(anonymous_7)
FNF:8
FNH:0
FNDA:0,(anonymous_0)
FNDA:0,(anonymous_1)
FNDA:0,(anonymous_2)
FNDA:0,(anonymous_3)
FNDA:0,(anonymous_4)
FNDA:0,(anonymous_5)
FNDA:0,(anonymous_6)
FNDA:0,(anonymous_7)
DA:13,1
DA:14,0
DA:15,0
DA:16,0
DA:23,0
DA:25,0
DA:26,0
DA:28,0
DA:31,0
DA:35,0
DA:36,0
DA:37,0
DA:45,0
DA:46,0
DA:48,0
DA:50,0
DA:51,0
DA:52,0
DA:53,0
DA:54,0
DA:55,0
DA:57,0
DA:58,0
DA:63,0
DA:95,1
DA:99,1
DA:106,1
DA:113,1
DA:119,1
LF:29
LH:6
BRDA:28,0,0,0
BRDA:28,0,1,0
BRDA:31,1,0,0
BRDA:31,1,1,0
BRDA:51,2,0,0
BRDA:51,2,1,0
BRDA:70,3,0,0
BRDA:70,3,1,0
BRDA:73,4,0,0
BRDA:73,4,1,0
BRDA:74,5,0,0
BRDA:74,5,1,0
BRF:12
BRH:0
end_of_record
TN:
SF:src\components\bulkPosts.jsx
FN:5,(anonymous_0)
FN:7,(anonymous_1)
FNF:2
FNH:1
FNDA:8,(anonymous_0)
FNDA:0,(anonymous_1)
DA:5,1
DA:7,8
DA:8,0
DA:10,8
LF:4
LH:3
BRF:0
BRH:0
end_of_record
TN:
SF:src\pages\App.jsx
FN:15,App
FN:26,(anonymous_1)
FN:43,(anonymous_2)
FN:67,(anonymous_3)
FN:80,(anonymous_4)
FN:81,(anonymous_5)
FN:95,(anonymous_6)
FN:99,(anonymous_7)
FN:103,(anonymous_8)
FN:118,(anonymous_9)
FN:125,(anonymous_10)
FN:141,(anonymous_11)
FN:142,(anonymous_12)
FN:144,(anonymous_13)
FN:159,(anonymous_14)
FN:165,(anonymous_15)
FN:168,(anonymous_16)
FN:175,(anonymous_17)
FN:180,(anonymous_18)
FN:195,(anonymous_19)
FNF:20
FNH:8
FNDA:12,App
FNDA:12,(anonymous_1)
FNDA:0,(anonymous_2)
FNDA:6,(anonymous_3)
FNDA:0,(anonymous_4)
FNDA:0,(anonymous_5)
FNDA:0,(anonymous_6)
FNDA:3,(anonymous_7)
FNDA:3,(anonymous_8)
FNDA:1,(anonymous_9)
FNDA:8,(anonymous_10)
FNDA:0,(anonymous_11)
FNDA:0,(anonymous_12)
FNDA:8,(anonymous_13)
FNDA:0,(anonymous_14)
FNDA:0,(anonymous_15)
FNDA:0,(anonymous_16)
FNDA:0,(anonymous_17)
FNDA:0,(anonymous_18)
FNDA:0,(anonymous_19)
DA:16,12
DA:19,12
DA:21,12
DA:22,12
DA:23,12
DA:24,12
DA:25,12
DA:26,12
DA:27,12
DA:28,12
DA:29,12
DA:30,12
DA:31,12
DA:33,12
DA:35,12
DA:36,12
DA:38,12
DA:39,12
DA:40,12
DA:43,12
DA:44,0
DA:45,0
DA:46,0
DA:47,0
DA:50,0
DA:51,0
DA:52,0
DA:54,0
DA:55,0
DA:56,0
DA:60,0
DA:61,0
DA:62,0
DA:63,0
DA:67,12
DA:69,6
DA:70,6
DA:80,0
DA:82,0
DA:83,0
DA:84,0
DA:85,0
DA:86,0
DA:88,0
DA:89,0
DA:90,0
DA:91,0
DA:95,0
DA:99,12
DA:100,3
DA:103,12
DA:104,3
DA:112,12
DA:113,12
DA:114,12
DA:115,12
DA:118,12
DA:119,1
DA:120,0
DA:122,1
DA:125,12
DA:127,8
DA:128,8
DA:130,8
DA:141,0
DA:142,0
DA:144,12
DA:146,8
DA:147,8
DA:151,8
DA:152,8
DA:159,12
DA:160,0
DA:164,12
DA:165,12
DA:166,0
DA:168,0
DA:169,0
DA:170,0
DA:171,0
DA:175,12
DA:176,0
DA:177,0
DA:180,12
DA:181,0
DA:182,0
DA:183,0
DA:184,0
DA:185,0
DA:190,12
DA:196,0
DA:197,0
DA:198,0
DA:257,1
DA:262,1
LF:95
LH:51
BRDA:19,0,0,0
BRDA:19,0,1,12
BRDA:28,1,0,12
BRDA:28,1,1,0
BRDA:30,2,0,12
BRDA:30,2,1,0
BRDA:44,3,0,0
BRDA:44,3,1,0
BRDA:46,4,0,0
BRDA:46,4,1,0
BRDA:50,5,0,0
BRDA:50,5,1,0
BRDA:51,6,0,0
BRDA:51,6,1,0
BRDA:55,7,0,0
BRDA:55,7,1,0
BRDA:83,8,0,0
BRDA:83,8,1,0
BRDA:86,9,0,0
BRDA:86,9,1,0
BRDA:88,10,0,0
BRDA:88,10,1,0
BRDA:91,11,0,0
BRDA:91,11,1,0
BRDA:119,12,0,0
BRDA:119,12,1,1
BRDA:128,13,0,0
BRDA:128,13,1,8
BRDA:146,14,0,8
BRDA:146,14,1,0
BRDA:169,15,0,0
BRDA:169,15,1,0
BRDA:170,16,0,0
BRDA:170,16,1,0
BRDA:176,17,0,0
BRDA:176,17,1,0
BRDA:181,18,0,0
BRDA:181,18,1,0
BRDA:182,19,0,0
BRDA:182,19,1,0
BRF:40
BRH:6
end_of_record
TN:
SF:src\redux\store.js
FNF:0
FNH:0
LF:0
LH:0
BRF:0
BRH:0
end_of_record
